This is pdfTeX, Version 3.141592653-2.6-1.40.24 (TeX Live 2022) (preloaded format=pdflatex 2022.7.20)  20 JUL 2022 11:00
entering extended mode
 restricted \write18 enabled.
 %&-line parsing enabled.
**howtodocumentinrtd.tex
(./howtodocumentinrtd.tex
LaTeX2e <2021-11-15> patch level 1
L3 programming layer <2022-02-24> (./sphinxmanual.cls
Document Class: sphinxmanual 2019/12/01 v2.3.0 Document class (Sphinx manual)
(/usr/local/texlive/2022/texmf-dist/tex/latex/base/report.cls
Document Class: report 2021/10/04 v1.4n Standard LaTeX document class
(/usr/local/texlive/2022/texmf-dist/tex/latex/base/size10.clo
File: size10.clo 2021/10/04 v1.4n Standard LaTeX file (size option)
)
\c@part=\count185
\c@chapter=\count186
\c@section=\count187
\c@subsection=\count188
\c@subsubsection=\count189
\c@paragraph=\count190
\c@subparagraph=\count191
\c@figure=\count192
\c@table=\count193
\abovecaptionskip=\skip47
\belowcaptionskip=\skip48
\bibindent=\dimen138
)
LaTeX Info: Redefining \and on input line 35.
)
(/usr/local/texlive/2022/texmf-dist/tex/latex/base/inputenc.sty
Package: inputenc 2021/02/14 v1.3d Input encoding file
\inpenc@prehook=\toks16
\inpenc@posthook=\toks17
)
   defining Unicode char U+00A0 (decimal 160)
   defining Unicode char U+2500 (decimal 9472)
   defining Unicode char U+2502 (decimal 9474)
   defining Unicode char U+2514 (decimal 9492)
   defining Unicode char U+251C (decimal 9500)
   defining Unicode char U+2572 (decimal 9586)

(/usr/local/texlive/2022/texmf-dist/tex/latex/cmap/cmap.sty
Package: cmap 2021/02/06 v1.0j CMap support: searchable PDF
)
(/usr/local/texlive/2022/texmf-dist/tex/latex/base/fontenc.sty
Package: fontenc 2021/04/29 v2.0v Standard LaTeX package
<<t1.cmap>>)
(/usr/local/texlive/2022/texmf-dist/tex/latex/amsmath/amsmath.sty
Package: amsmath 2021/10/15 v2.17l AMS math features
\@mathmargin=\skip49

For additional information on amsmath, use the `?' option.
(/usr/local/texlive/2022/texmf-dist/tex/latex/amsmath/amstext.sty
Package: amstext 2021/08/26 v2.01 AMS text

(/usr/local/texlive/2022/texmf-dist/tex/latex/amsmath/amsgen.sty
File: amsgen.sty 1999/11/30 v2.0 generic functions
\@emptytoks=\toks18
\ex@=\dimen139
))
(/usr/local/texlive/2022/texmf-dist/tex/latex/amsmath/amsbsy.sty
Package: amsbsy 1999/11/29 v1.2d Bold Symbols
\pmbraise@=\dimen140
)
(/usr/local/texlive/2022/texmf-dist/tex/latex/amsmath/amsopn.sty
Package: amsopn 2021/08/26 v2.02 operator names
)
\inf@bad=\count194
LaTeX Info: Redefining \frac on input line 234.
\uproot@=\count195
\leftroot@=\count196
LaTeX Info: Redefining \overline on input line 399.
\classnum@=\count197
\DOTSCASE@=\count198
LaTeX Info: Redefining \ldots on input line 496.
LaTeX Info: Redefining \dots on input line 499.
LaTeX Info: Redefining \cdots on input line 620.
\Mathstrutbox@=\box50
\strutbox@=\box51
\big@size=\dimen141
LaTeX Font Info:    Redeclaring font encoding OML on input line 743.
LaTeX Font Info:    Redeclaring font encoding OMS on input line 744.
\macc@depth=\count199
\c@MaxMatrixCols=\count266
\dotsspace@=\muskip16
\c@parentequation=\count267
\dspbrk@lvl=\count268
\tag@help=\toks19
\row@=\count269
\column@=\count270
\maxfields@=\count271
\andhelp@=\toks20
\eqnshift@=\dimen142
\alignsep@=\dimen143
\tagshift@=\dimen144
\tagwidth@=\dimen145
\totwidth@=\dimen146
\lineht@=\dimen147
\@envbody=\toks21
\multlinegap=\skip50
\multlinetaggap=\skip51
\mathdisplay@stack=\toks22
LaTeX Info: Redefining \[ on input line 2938.
LaTeX Info: Redefining \] on input line 2939.
)
(/usr/local/texlive/2022/texmf-dist/tex/latex/amsfonts/amssymb.sty
Package: amssymb 2013/01/14 v3.01 AMS font symbols

(/usr/local/texlive/2022/texmf-dist/tex/latex/amsfonts/amsfonts.sty
Package: amsfonts 2013/01/14 v3.01 Basic AMSFonts support
\symAMSa=\mathgroup4
\symAMSb=\mathgroup5
LaTeX Font Info:    Redeclaring math symbol \hbar on input line 98.
LaTeX Font Info:    Overwriting math alphabet `\mathfrak' in version `bold'
(Font)                  U/euf/m/n --> U/euf/b/n on input line 106.
))
(/usr/local/texlive/2022/texmf-dist/tex/generic/babel/babel.sty
Package: babel 2022/02/26 3.73 The Babel package
\babel@savecnt=\count272
\U@D=\dimen148
\l@unhyphenated=\language87

(/usr/local/texlive/2022/texmf-dist/tex/generic/babel/txtbabel.def)
\bbl@readstream=\read2
\bbl@dirlevel=\count273

(/usr/local/texlive/2022/texmf-dist/tex/generic/babel-english/english.ldf
Language: english 2017/06/06 v3.3r English support from the babel system
Package babel Info: Hyphen rules for 'canadian' set to \l@english
(babel)             (\language0). Reported on input line 102.
Package babel Info: Hyphen rules for 'australian' set to \l@ukenglish
(babel)             (\language21). Reported on input line 105.
Package babel Info: Hyphen rules for 'newzealand' set to \l@ukenglish
(babel)             (\language21). Reported on input line 108.
))
(/usr/local/texlive/2022/texmf-dist/tex/latex/tex-gyre/tgtermes.sty
Package: tgtermes 2009/09/27 v1.2 TeX Gyre Termes as default roman family

(/usr/local/texlive/2022/texmf-dist/tex/latex/kvoptions/kvoptions.sty
Package: kvoptions 2020-10-07 v3.14 Key value format for package options (HO)

(/usr/local/texlive/2022/texmf-dist/tex/latex/graphics/keyval.sty
Package: keyval 2014/10/28 v1.15 key=value parser (DPC)
\KV@toks@=\toks23
)
(/usr/local/texlive/2022/texmf-dist/tex/generic/ltxcmds/ltxcmds.sty
Package: ltxcmds 2020-05-10 v1.25 LaTeX kernel commands for general use (HO)
)
(/usr/local/texlive/2022/texmf-dist/tex/generic/kvsetkeys/kvsetkeys.sty
Package: kvsetkeys 2019/12/15 v1.18 Key value parser (HO)
)))
(/usr/local/texlive/2022/texmf-dist/tex/latex/tex-gyre/tgheros.sty
Package: tgheros 2009/09/27 v1.2 TeX Gyre Heros as default sans serif family
)
(/usr/local/texlive/2022/texmf-dist/tex/latex/fncychap/fncychap.sty
Package: fncychap 2007/07/30 v1.34 LaTeX package (Revised chapters)
\RW=\skip52
\mylen=\skip53
\myhi=\skip54
\px=\skip55
\py=\skip56
\pyy=\skip57
\pxx=\skip58
\c@AlphaCnt=\count274
\c@AlphaDecCnt=\count275
)
(./sphinx.sty
Package: sphinx 2021/01/27 v4.0.0 LaTeX package (Sphinx markup)
 (/usr/local/texlive/2022/texmf-dist/tex/latex/xcolor/xcolor.sty
Package: xcolor 2021/10/31 v2.13 LaTeX color extensions (UK)

(/usr/local/texlive/2022/texmf-dist/tex/latex/graphics-cfg/color.cfg
File: color.cfg 2016/01/02 v1.6 sample color configuration
)
Package xcolor Info: Driver file: pdftex.def on input line 227.

(/usr/local/texlive/2022/texmf-dist/tex/latex/graphics-def/pdftex.def
File: pdftex.def 2020/10/05 v1.2a Graphics/color driver for pdftex
)
Package xcolor Info: Model `cmy' substituted by `cmy0' on input line 1352.
Package xcolor Info: Model `hsb' substituted by `rgb' on input line 1356.
Package xcolor Info: Model `RGB' extended on input line 1368.
Package xcolor Info: Model `HTML' substituted by `rgb' on input line 1370.
Package xcolor Info: Model `Hsb' substituted by `hsb' on input line 1371.
Package xcolor Info: Model `tHsb' substituted by `hsb' on input line 1372.
Package xcolor Info: Model `HSB' substituted by `hsb' on input line 1373.
Package xcolor Info: Model `Gray' substituted by `gray' on input line 1374.
Package xcolor Info: Model `wave' substituted by `hsb' on input line 1375.
)
\sphinxverbatimsep=\dimen149
\sphinxverbatimborder=\dimen150
\sphinxshadowsep=\dimen151
\sphinxshadowsize=\dimen152
\sphinxshadowrule=\dimen153
\spx@notice@border=\dimen154

(./sphinxoptionshyperref.sty
File: sphinxoptionshyperref.sty 2021/01/27 hyperref
) (./sphinxoptionsgeometry.sty
File: sphinxoptionsgeometry.sty 2021/01/27 geometry
)
(/usr/local/texlive/2022/texmf-dist/tex/latex/base/textcomp.sty
Package: textcomp 2020/02/02 v2.0n Standard LaTeX package
)
(/usr/local/texlive/2022/texmf-dist/tex/latex/float/float.sty
Package: float 2001/11/08 v1.3d Float enhancements (AL)
\c@float@type=\count276
\float@exts=\toks24
\float@box=\box52
\@float@everytoks=\toks25
\@floatcapt=\box53
)
(/usr/local/texlive/2022/texmf-dist/tex/latex/wrapfig/wrapfig.sty
\wrapoverhang=\dimen155
\WF@size=\dimen156
\c@WF@wrappedlines=\count277
\WF@box=\box54
\WF@everypar=\toks26
Package: wrapfig 2003/01/31  v 3.6
)
(/usr/local/texlive/2022/texmf-dist/tex/latex/capt-of/capt-of.sty
Package: capt-of 2009/12/29 v0.2 standard captions outside of floats
)
(/usr/local/texlive/2022/texmf-dist/tex/latex/tools/multicol.sty
Package: multicol 2021/10/28 v1.9b multicolumn formatting (FMi)
\c@tracingmulticols=\count278
\mult@box=\box55
\multicol@leftmargin=\dimen157
\c@unbalance=\count279
\c@collectmore=\count280
\doublecol@number=\count281
\multicoltolerance=\count282
\multicolpretolerance=\count283
\full@width=\dimen158
\page@free=\dimen159
\premulticols=\dimen160
\postmulticols=\dimen161
\multicolsep=\skip59
\multicolbaselineskip=\skip60
\partial@page=\box56
\last@line=\box57
\maxbalancingoverflow=\dimen162
\mult@rightbox=\box58
\mult@grightbox=\box59
\mult@firstbox=\box60
\mult@gfirstbox=\box61
\@tempa=\box62
\@tempa=\box63
\@tempa=\box64
\@tempa=\box65
\@tempa=\box66
\@tempa=\box67
\@tempa=\box68
\@tempa=\box69
\@tempa=\box70
\@tempa=\box71
\@tempa=\box72
\@tempa=\box73
\@tempa=\box74
\@tempa=\box75
\@tempa=\box76
\@tempa=\box77
\@tempa=\box78
\@tempa=\box79
\@tempa=\box80
\@tempa=\box81
\@tempa=\box82
\@tempa=\box83
\@tempa=\box84
\@tempa=\box85
\@tempa=\box86
\@tempa=\box87
\@tempa=\box88
\@tempa=\box89
\@tempa=\box90
\@tempa=\box91
\@tempa=\box92
\@tempa=\box93
\@tempa=\box94
\@tempa=\box95
\@tempa=\box96
\@tempa=\box97
\c@minrows=\count284
\c@columnbadness=\count285
\c@finalcolumnbadness=\count286
\last@try=\dimen163
\multicolovershoot=\dimen164
\multicolundershoot=\dimen165
\mult@nat@firstbox=\box98
\colbreak@box=\box99
\mc@col@check@num=\count287
)
(/usr/local/texlive/2022/texmf-dist/tex/latex/graphics/graphicx.sty
Package: graphicx 2021/09/16 v1.2d Enhanced LaTeX Graphics (DPC,SPQR)

(/usr/local/texlive/2022/texmf-dist/tex/latex/graphics/graphics.sty
Package: graphics 2021/03/04 v1.4d Standard LaTeX Graphics (DPC,SPQR)

(/usr/local/texlive/2022/texmf-dist/tex/latex/graphics/trig.sty
Package: trig 2021/08/11 v1.11 sin cos tan (DPC)
)
(/usr/local/texlive/2022/texmf-dist/tex/latex/graphics-cfg/graphics.cfg
File: graphics.cfg 2016/06/04 v1.11 sample graphics configuration
)
Package graphics Info: Driver file: pdftex.def on input line 107.
)
\Gin@req@height=\dimen166
\Gin@req@width=\dimen167
)
(./sphinxlatexgraphics.sty
File: sphinxlatexgraphics.sty 2021/01/27 graphics
\spx@image@maxheight=\dimen168
\spx@image@box=\box100
) (./sphinxlatexadmonitions.sty
File: sphinxlatexadmonitions.sty 2021/01/27 admonitions

(/usr/local/texlive/2022/texmf-dist/tex/latex/framed/framed.sty
Package: framed 2011/10/22 v 0.96: framed or shaded text with page breaks
\OuterFrameSep=\skip61
\fb@frw=\dimen169
\fb@frh=\dimen170
\FrameRule=\dimen171
\FrameSep=\dimen172
))
(./sphinxlatexliterals.sty
File: sphinxlatexliterals.sty 2021/12/06 code-blocks and parsed literals

(/usr/local/texlive/2022/texmf-dist/tex/latex/fancyvrb/fancyvrb.sty
Package: fancyvrb 2021/12/21 4.1b verbatim text (tvz,hv)
\FV@CodeLineNo=\count288
\FV@InFile=\read3
\FV@TabBox=\box101
\c@FancyVerbLine=\count289
\FV@StepNumber=\count290
\FV@OutFile=\write3
)
(/usr/local/texlive/2022/texmf-dist/tex/latex/base/alltt.sty
Package: alltt 2021/01/29 v2.0g defines alltt environment
)
(/usr/local/texlive/2022/texmf-dist/tex/latex/upquote/upquote.sty
Package: upquote 2012/04/19 v1.3 upright-quote and grave-accent glyphs in verba
tim
)
(/usr/local/texlive/2022/texmf-dist/tex/latex/needspace/needspace.sty
Package: needspace 2010/09/12 v1.3d reserve vertical space
)
\sphinxcontinuationbox=\box102
\sphinxvisiblespacebox=\box103
\sphinxVerbatim@TitleBox=\box104
\sphinxVerbatim@ContentsBox=\box105
\spx@scratchbox=\box106
)
(./sphinxlatexshadowbox.sty
File: sphinxlatexshadowbox.sty 2021/01/27 sphinxShadowBox
) (./sphinxlatexcontainers.sty
File: sphinxlatexcontainers.sty 2021/05/03 containers
)
(./sphinxhighlight.sty
Package: sphinxhighlight 2016/05/29 stylesheet for highlighting with pygments
) (./sphinxlatextables.sty
File: sphinxlatextables.sty 2021/01/27 tables

(/usr/local/texlive/2022/texmf-dist/tex/latex/tabulary/tabulary.sty
Package: tabulary 2014/06/11 v0.10 tabulary package (DPC)

(/usr/local/texlive/2022/texmf-dist/tex/latex/tools/array.sty
Package: array 2021/10/04 v2.5f Tabular extension package (FMi)
\col@sep=\dimen173
\ar@mcellbox=\box107
\extrarowheight=\dimen174
\NC@list=\toks27
\extratabsurround=\skip62
\backup@length=\skip63
\ar@cellbox=\box108
)
\TY@count=\count291
\TY@linewidth=\dimen175
\tymin=\dimen176
\tymax=\dimen177
\TY@tablewidth=\dimen178
)
(/usr/local/texlive/2022/texmf-dist/tex/latex/tools/longtable.sty
Package: longtable 2021-09-01 v4.17 Multi-page Table package (DPC)
\LTleft=\skip64
\LTright=\skip65
\LTpre=\skip66
\LTpost=\skip67
\LTchunksize=\count292
\LTcapwidth=\dimen179
\LT@head=\box109
\LT@firsthead=\box110
\LT@foot=\box111
\LT@lastfoot=\box112
\LT@gbox=\box113
\LT@cols=\count293
\LT@rows=\count294
\c@LT@tables=\count295
\c@LT@chunks=\count296
\LT@p@ftn=\toks28
)
(/usr/local/texlive/2022/texmf-dist/tex/latex/varwidth/varwidth.sty
Package: varwidth 2009/03/30 ver 0.92;  Variable-width minipages
\@vwid@box=\box114
\sift@deathcycles=\count297
\@vwid@loff=\dimen180
\@vwid@roff=\dimen181
)
\sphinx@TY@tablewidth=\dimen182
)
(./sphinxlatexnumfig.sty
File: sphinxlatexnumfig.sty 2021/01/27 numbering
) (./sphinxlatexlists.sty
File: sphinxlatexlists.sty 2021/12/20 lists
\spx@lineitemlabel=\toks29
)
\c@sphinxscope=\count298
 (./sphinxpackagefootnote.sty
Package: sphinxpackagefootnote 2022/02/12 v4.5.0 Sphinx custom footnotehyper pa
ckage (Sphinx team)
\FNH@notes=\box115
\FNH@toks=\toks30
\FNH@width=\dimen183
\c@sphinxfootnotemark=\count299
) (./sphinxlatexindbibtoc.sty
File: sphinxlatexindbibtoc.sty 2021/01/27 index, bib., toc

(/usr/local/texlive/2022/texmf-dist/tex/latex/base/makeidx.sty
Package: makeidx 2021/10/04 v1.0m Standard LaTeX package
))
(./sphinxlatexstylepage.sty
File: sphinxlatexstylepage.sty 2021/01/27 page styling

(/usr/local/texlive/2022/texmf-dist/tex/latex/parskip/parskip.sty
Rollback for package 'parskip' requested -> version 'v1'.
         This corresponds to the release introduced on 2001-04-09.

(/usr/local/texlive/2022/texmf-dist/tex/latex/parskip/parskip-2001-04-09.sty
Package: parskip 2001/04/09 non-zero parskip adjustments
))
(/usr/local/texlive/2022/texmf-dist/tex/latex/fancyhdr/fancyhdr.sty
Package: fancyhdr 2021/01/28 v4.0.1 Extensive control of page headers and foote
rs
\f@nch@headwidth=\skip68
\f@nch@O@elh=\skip69
\f@nch@O@erh=\skip70
\f@nch@O@olh=\skip71
\f@nch@O@orh=\skip72
\f@nch@O@elf=\skip73
\f@nch@O@erf=\skip74
\f@nch@O@olf=\skip75
\f@nch@O@orf=\skip76
))
(./sphinxlatexstyleheadings.sty
File: sphinxlatexstyleheadings.sty 2021/01/27 headings

(/usr/local/texlive/2022/texmf-dist/tex/latex/titlesec/titlesec.sty
Package: titlesec 2021/07/05 v2.14 Sectioning titles
\ttl@box=\box116
\beforetitleunit=\skip77
\aftertitleunit=\skip78
\ttl@plus=\dimen184
\ttl@minus=\dimen185
\ttl@toksa=\toks31
\titlewidth=\dimen186
\titlewidthlast=\dimen187
\titlewidthfirst=\dimen188
))
(./sphinxlatexstyletext.sty
File: sphinxlatexstyletext.sty 2021/12/06 text styling
) (./sphinxlatexobjects.sty
File: sphinxlatexobjects.sty 2022/01/13 documentation environments
\sphinxsignaturesep=\skip79
\py@argswidth=\skip80
\lineblockindentation=\skip81
\DUlineblockindent=\skip82
))
(/usr/local/texlive/2022/texmf-dist/tex/latex/geometry/geometry.sty
Package: geometry 2020/01/02 v5.9 Page Geometry

(/usr/local/texlive/2022/texmf-dist/tex/generic/iftex/ifvtex.sty
Package: ifvtex 2019/10/25 v1.7 ifvtex legacy package. Use iftex instead.

(/usr/local/texlive/2022/texmf-dist/tex/generic/iftex/iftex.sty
Package: iftex 2022/02/03 v1.0f TeX engine tests
))
\Gm@cnth=\count300
\Gm@cntv=\count301
\c@Gm@tempcnt=\count302
\Gm@bindingoffset=\dimen189
\Gm@wd@mp=\dimen190
\Gm@odd@mp=\dimen191
\Gm@even@mp=\dimen192
\Gm@layoutwidth=\dimen193
\Gm@layoutheight=\dimen194
\Gm@layouthoffset=\dimen195
\Gm@layoutvoffset=\dimen196
\Gm@dimlist=\toks32
)
(/usr/local/texlive/2022/texmf-dist/tex/latex/hyperref/hyperref.sty
Package: hyperref 2022-02-21 v7.00n Hypertext links for LaTeX

(/usr/local/texlive/2022/texmf-dist/tex/generic/pdftexcmds/pdftexcmds.sty
Package: pdftexcmds 2020-06-27 v0.33 Utility functions of pdfTeX for LuaTeX (HO
)

(/usr/local/texlive/2022/texmf-dist/tex/generic/infwarerr/infwarerr.sty
Package: infwarerr 2019/12/03 v1.5 Providing info/warning/error messages (HO)
)
Package pdftexcmds Info: \pdf@primitive is available.
Package pdftexcmds Info: \pdf@ifprimitive is available.
Package pdftexcmds Info: \pdfdraftmode found.
)
(/usr/local/texlive/2022/texmf-dist/tex/generic/kvdefinekeys/kvdefinekeys.sty
Package: kvdefinekeys 2019-12-19 v1.6 Define keys (HO)
)
(/usr/local/texlive/2022/texmf-dist/tex/generic/pdfescape/pdfescape.sty
Package: pdfescape 2019/12/09 v1.15 Implements pdfTeX's escape features (HO)
)
(/usr/local/texlive/2022/texmf-dist/tex/latex/hycolor/hycolor.sty
Package: hycolor 2020-01-27 v1.10 Color options for hyperref/bookmark (HO)
)
(/usr/local/texlive/2022/texmf-dist/tex/latex/letltxmacro/letltxmacro.sty
Package: letltxmacro 2019/12/03 v1.6 Let assignment for LaTeX macros (HO)
)
(/usr/local/texlive/2022/texmf-dist/tex/latex/auxhook/auxhook.sty
Package: auxhook 2019-12-17 v1.6 Hooks for auxiliary files (HO)
)
\@linkdim=\dimen197
\Hy@linkcounter=\count303
\Hy@pagecounter=\count304

(/usr/local/texlive/2022/texmf-dist/tex/latex/hyperref/pd1enc.def
File: pd1enc.def 2022-02-21 v7.00n Hyperref: PDFDocEncoding definition (HO)
Now handling font encoding PD1 ...
... no UTF-8 mapping file for font encoding PD1
)
(/usr/local/texlive/2022/texmf-dist/tex/generic/intcalc/intcalc.sty
Package: intcalc 2019/12/15 v1.3 Expandable calculations with integers (HO)
)
(/usr/local/texlive/2022/texmf-dist/tex/generic/etexcmds/etexcmds.sty
Package: etexcmds 2019/12/15 v1.7 Avoid name clashes with e-TeX commands (HO)
)
\Hy@SavedSpaceFactor=\count305

(/usr/local/texlive/2022/texmf-dist/tex/latex/hyperref/puenc.def
File: puenc.def 2022-02-21 v7.00n Hyperref: PDF Unicode definition (HO)
Now handling font encoding PU ...
... no UTF-8 mapping file for font encoding PU
)
Package hyperref Info: Option `unicode' set `true' on input line 4018.
Package hyperref Info: Option `colorlinks' set `true' on input line 4018.
Package hyperref Info: Option `breaklinks' set `true' on input line 4018.
Package hyperref Info: Hyper figures OFF on input line 4137.
Package hyperref Info: Link nesting OFF on input line 4142.
Package hyperref Info: Hyper index ON on input line 4145.
Package hyperref Info: Plain pages OFF on input line 4152.
Package hyperref Info: Backreferencing OFF on input line 4157.
Package hyperref Info: Implicit mode ON; LaTeX internals redefined.
Package hyperref Info: Bookmarks ON on input line 4390.
\c@Hy@tempcnt=\count306

(/usr/local/texlive/2022/texmf-dist/tex/latex/url/url.sty
\Urlmuskip=\muskip17
Package: url 2013/09/16  ver 3.4  Verb mode for urls, etc.
)
LaTeX Info: Redefining \url on input line 4749.
\XeTeXLinkMargin=\dimen198

(/usr/local/texlive/2022/texmf-dist/tex/generic/bitset/bitset.sty
Package: bitset 2019/12/09 v1.3 Handle bit-vector datatype (HO)

(/usr/local/texlive/2022/texmf-dist/tex/generic/bigintcalc/bigintcalc.sty
Package: bigintcalc 2019/12/15 v1.5 Expandable calculations on big integers (HO
)
))
\Fld@menulength=\count307
\Field@Width=\dimen199
\Fld@charsize=\dimen256
Package hyperref Info: Hyper figures OFF on input line 6027.
Package hyperref Info: Link nesting OFF on input line 6032.
Package hyperref Info: Hyper index ON on input line 6035.
Package hyperref Info: backreferencing OFF on input line 6042.
Package hyperref Info: Link coloring ON on input line 6045.
Package hyperref Info: Link coloring with OCG OFF on input line 6052.
Package hyperref Info: PDF/A mode OFF on input line 6057.
LaTeX Info: Redefining \ref on input line 6097.
LaTeX Info: Redefining \pageref on input line 6101.

(/usr/local/texlive/2022/texmf-dist/tex/latex/base/atbegshi-ltx.sty
Package: atbegshi-ltx 2021/01/10 v1.0c Emulation of the original atbegshi
package with kernel methods
)
\Hy@abspage=\count308
\c@Item=\count309
\c@Hfootnote=\count310
)
Package hyperref Info: Driver (autodetected): hpdftex.

(/usr/local/texlive/2022/texmf-dist/tex/latex/hyperref/hpdftex.def
File: hpdftex.def 2022-02-21 v7.00n Hyperref driver for pdfTeX

(/usr/local/texlive/2022/texmf-dist/tex/latex/base/atveryend-ltx.sty
Package: atveryend-ltx 2020/08/19 v1.0a Emulation of the original atveryend pac
kage
with kernel methods
)
\Fld@listcount=\count311
\c@bookmark@seq@number=\count312

(/usr/local/texlive/2022/texmf-dist/tex/latex/rerunfilecheck/rerunfilecheck.sty
Package: rerunfilecheck 2019/12/05 v1.9 Rerun checks for auxiliary files (HO)

(/usr/local/texlive/2022/texmf-dist/tex/generic/uniquecounter/uniquecounter.sty
Package: uniquecounter 2019/12/15 v1.4 Provide unlimited unique counter (HO)
)
Package uniquecounter Info: New unique counter `rerunfilecheck' on input line 2
86.
)
\Hy@SectionHShift=\skip83
) (/usr/local/texlive/2022/texmf-dist/tex/latex/oberdiek/hypcap.sty
Package: hypcap 2016/05/16 v1.12 Adjusting the anchors of captions (HO)
)
(./sphinxmessages.sty
Package: sphinxmessages 2019/01/04 v2.0 Localized LaTeX macros (Sphinx team)
)
\nbsphinxpromptbox=\box117
\nbsphinxcodecellspacing=\skip84
\nbsphinxbox=\box118
\nbsphinx@image@maxheight=\dimen257
\@indexfile=\write4
\openout4 = `howtodocumentinrtd.idx'.


Writing index file howtodocumentinrtd.idx
LaTeX Font Info:    Trying to load font information for T1+qtm on input line 21
0.
(/usr/local/texlive/2022/texmf-dist/tex/latex/tex-gyre/t1qtm.fd
File: t1qtm.fd 2009/09/25 v1.2 font definition file for T1/qtm
)
(/usr/local/texlive/2022/texmf-dist/tex/latex/l3backend/l3backend-pdftex.def
File: l3backend-pdftex.def 2022-02-07 L3 backend support: PDF output (pdfTeX)
\l__color_backend_stack_int=\count313
\l__pdf_internal_box=\box119
)
(./howtodocumentinrtd.aux)
\openout1 = `howtodocumentinrtd.aux'.

LaTeX Font Info:    Checking defaults for OML/cmm/m/it on input line 210.
LaTeX Font Info:    ... okay on input line 210.
LaTeX Font Info:    Checking defaults for OMS/cmsy/m/n on input line 210.
LaTeX Font Info:    ... okay on input line 210.
LaTeX Font Info:    Checking defaults for OT1/cmr/m/n on input line 210.
LaTeX Font Info:    ... okay on input line 210.
LaTeX Font Info:    Checking defaults for T1/cmr/m/n on input line 210.
LaTeX Font Info:    ... okay on input line 210.
LaTeX Font Info:    Checking defaults for TS1/cmr/m/n on input line 210.
LaTeX Font Info:    ... okay on input line 210.
LaTeX Font Info:    Checking defaults for OMX/cmex/m/n on input line 210.
LaTeX Font Info:    ... okay on input line 210.
LaTeX Font Info:    Checking defaults for U/cmr/m/n on input line 210.
LaTeX Font Info:    ... okay on input line 210.
LaTeX Font Info:    Checking defaults for PD1/pdf/m/n on input line 210.
LaTeX Font Info:    ... okay on input line 210.
LaTeX Font Info:    Checking defaults for PU/pdf/m/n on input line 210.
LaTeX Font Info:    ... okay on input line 210.

(/usr/local/texlive/2022/texmf-dist/tex/context/base/mkii/supp-pdf.mkii
[Loading MPS to PDF converter (version 2006.09.02).]
\scratchcounter=\count314
\scratchdimen=\dimen258
\scratchbox=\box120
\nofMPsegments=\count315
\nofMParguments=\count316
\everyMPshowfont=\toks33
\MPscratchCnt=\count317
\MPscratchDim=\dimen259
\MPnumerator=\count318
\makeMPintoPDFobject=\count319
\everyMPtoPDFconversion=\toks34
) (/usr/local/texlive/2022/texmf-dist/tex/latex/epstopdf-pkg/epstopdf-base.sty
Package: epstopdf-base 2020-01-24 v2.11 Base part for package epstopdf
Package epstopdf-base Info: Redefining graphics rule for `.eps' on input line 4
85.

(/usr/local/texlive/2022/texmf-dist/tex/latex/latexconfig/epstopdf-sys.cfg
File: epstopdf-sys.cfg 2010/07/13 v1.3 Configuration of (r)epstopdf for TeX Liv
e
))
\c@literalblock=\count320

*geometry* driver: auto-detecting
*geometry* detected driver: pdftex
*geometry* verbose mode - [ preamble ] result:
* driver: pdftex
* paper: letterpaper
* layout: <same size as paper>
* layoutoffset:(h,v)=(0.0pt,0.0pt)
* modes: twoside 
* h-part:(L,W,R)=(72.26999pt, 469.75502pt, 72.26999pt)
* v-part:(T,H,B)=(72.26999pt, 650.43001pt, 72.26999pt)
* \paperwidth=614.295pt
* \paperheight=794.96999pt
* \textwidth=469.75502pt
* \textheight=650.43001pt
* \oddsidemargin=0.0pt
* \evensidemargin=0.0pt
* \topmargin=-37.0pt
* \headheight=12.0pt
* \headsep=25.0pt
* \topskip=10.0pt
* \footskip=30.0pt
* \marginparwidth=36.135pt
* \marginparsep=11.0pt
* \columnsep=10.0pt
* \skip\footins=9.0pt plus 4.0pt minus 2.0pt
* \hoffset=0.0pt
* \voffset=0.0pt
* \mag=1000
* \@twocolumnfalse
* \@twosidetrue
* \@mparswitchtrue
* \@reversemarginfalse
* (1in=72.27pt=25.4mm, 1cm=28.453pt)

Package hyperref Info: Link coloring ON on input line 210.
(/usr/local/texlive/2022/texmf-dist/tex/latex/hyperref/nameref.sty
Package: nameref 2021-04-02 v2.47 Cross-referencing by name of section

(/usr/local/texlive/2022/texmf-dist/tex/latex/refcount/refcount.sty
Package: refcount 2019/12/15 v3.6 Data extraction from label references (HO)
)
(/usr/local/texlive/2022/texmf-dist/tex/generic/gettitlestring/gettitlestring.s
ty
Package: gettitlestring 2019/12/15 v1.6 Cleanup title references (HO)
)
\c@section@level=\count321
)
LaTeX Info: Redefining \ref on input line 210.
LaTeX Info: Redefining \pageref on input line 210.
LaTeX Info: Redefining \nameref on input line 210.
\@outlinefile=\write5
\openout5 = `howtodocumentinrtd.out'.

Package hyperref Info: Option `pageanchor' set `false' on input line 218.
LaTeX Font Info:    Trying to load font information for T1+qhv on input line 21
8.
 (/usr/local/texlive/2022/texmf-dist/tex/latex/tex-gyre/t1qhv.fd
File: t1qhv.fd 2009/09/25 v1.2 font definition file for T1/qhv
)<<ot1.cmap>><<oml.cmap>><<oms.cmap>><<omx.cmap>>
LaTeX Font Info:    Trying to load font information for U+msa on input line 218
.

(/usr/local/texlive/2022/texmf-dist/tex/latex/amsfonts/umsa.fd
File: umsa.fd 2013/01/14 v3.01 AMS symbols A
)
LaTeX Font Info:    Trying to load font information for U+msb on input line 218
.

(/usr/local/texlive/2022/texmf-dist/tex/latex/amsfonts/umsb.fd
File: umsb.fd 2013/01/14 v3.01 AMS symbols B
) [1

{/usr/local/texlive/2022/texmf-var/fonts/map/pdftex/updmap/pdftex.map}] [2


]
\tf@toc=\write6
\openout6 = `howtodocumentinrtd.toc'.

 [1

] [2

]

LaTeX Warning: Hyper reference `installation::doc' on page 1 undefined on input
 line 231.


LaTeX Warning: Hyper reference `usage::doc' on page 1 undefined on input line 2
34.

[1] [2

]
Chapter 1.
LaTeX Font Info:    Trying to load font information for T1+txtt on input line 2
50.
(/usr/local/texlive/2022/texmf-dist/tex/latex/txfonts/t1txtt.fd
File: t1txtt.fd 2000/12/15 v3.1
)
LaTeX Font Info:    Font shape `T1/txtt/b/n' in size <10> not available
(Font)              Font shape `T1/txtt/bx/n' tried instead on input line 251.
 [3] [4

]
Chapter 2.
LaTeX Font Info:    Trying to load font information for TS1+qtm on input line 2
83.
(/usr/local/texlive/2022/texmf-dist/tex/latex/tex-gyre/ts1qtm.fd
File: ts1qtm.fd 2009/09/25 v1.2 font definition file for TS1/qtm
)

LaTeX Warning: Hyper reference `usage:in-depth-implementation' on page 5 undefi
ned on input line 285.


LaTeX Warning: Hyper reference `usage:quick-and-dirty-implementation' on page 5
 undefined on input line 293.


LaTeX Warning: Hyper reference `installation::doc' on page 5 undefined on input
 line 302.

[5]
<indepth_doc_stage1.png, id=62, 1445.4pt x 813.0375pt>
File: indepth_doc_stage1.png Graphic file (type png)
<use indepth_doc_stage1.png>
Package pdftex.def Info: indepth_doc_stage1.png  used on input line 400.
(pdftex.def)             Requested size: 469.74944pt x 264.24646pt.
LaTeX Font Info:    Trying to load font information for TS1+txtt on input line 
419.
 (/usr/local/texlive/2022/texmf-dist/tex/latex/txfonts/ts1txtt.fd
File: ts1txtt.fd 2000/12/15 v3.1
) [6]
LaTeX Font Info:    Font shape `T1/txtt/m/it' in size <10> not available
(Font)              Font shape `T1/txtt/m/sl' tried instead on input line 446.

[7 <./indepth_doc_stage1.png>]
LaTeX Font Info:    Font shape `TS1/txtt/m/it' in size <10> not available
(Font)              Font shape `TS1/txtt/m/sl' tried instead on input line 481.

<indepth_doc_stage2.png, id=88, 1445.4pt x 813.0375pt>
File: indepth_doc_stage2.png Graphic file (type png)
<use indepth_doc_stage2.png>
Package pdftex.def Info: indepth_doc_stage2.png  used on input line 525.
(pdftex.def)             Requested size: 469.74944pt x 264.24646pt.
 [8] [9 <./indepth_doc_stage2.png>]

LaTeX Warning: Hyper reference `usage:github-pages' on page 10 undefined on inp
ut line 594.

[10] [11]
<indepth_doc_stage3.png, id=122, 1445.4pt x 813.0375pt>
File: indepth_doc_stage3.png Graphic file (type png)
<use indepth_doc_stage3.png>
Package pdftex.def Info: indepth_doc_stage3.png  used on input line 746.
(pdftex.def)             Requested size: 469.74944pt x 264.24646pt.
 [12 <./indepth_doc_stage3.png>] [13]
<Github_pages_1.png, id=136, 1679.77562pt x 718.685pt>
File: Github_pages_1.png Graphic file (type png)
<use Github_pages_1.png>
Package pdftex.def Info: Github_pages_1.png  used on input line 943.
(pdftex.def)             Requested size: 469.74445pt x 201.00014pt.
<Github_pages_2.png, id=137, 936.49875pt x 531.9875pt>
File: Github_pages_2.png Graphic file (type png)
<use Github_pages_2.png>
Package pdftex.def Info: Github_pages_2.png  used on input line 963.
(pdftex.def)             Requested size: 469.76294pt x 266.84543pt.
<Github_pages_3.png, id=138, 2524.18031pt x 1416.79312pt>
File: Github_pages_3.png Graphic file (type png)
<use Github_pages_3.png>
Package pdftex.def Info: Github_pages_3.png  used on input line 975.
(pdftex.def)             Requested size: 469.7392pt x 263.63754pt.
 [14 <./Github_pages_1.png>]
[15 <./Github_pages_2.png> <./Github_pages_3.png>]

LaTeX Warning: Hyper reference `usage:inline-formatting' on page 16 undefined o
n input line 1059.

[16] [17]
<Sample.jpg, id=181, 481.8pt x 271.0125pt>
File: Sample.jpg Graphic file (type jpg)
<use Sample.jpg>
Package pdftex.def Info: Sample.jpg  used on input line 2.
(pdftex.def)             Requested size: 469.77148pt x 264.24644pt.


! LaTeX Error: Unicode character α (U+03B1)
               not set up for use with LaTeX.

See the LaTeX manual or LaTeX Companion for explanation.
Type  H <return>  for immediate help.
 ...                                              
                                                  
l.1293 ..., O_2, … O_t, q_t = S_i λ)\end{split}
                                                  
? 

LaTeX Warning: Command \textellipsis invalid in math mode on input line 1293.


! LaTeX Error: Unicode character λ (U+03BB)
               not set up for use with LaTeX.

See the LaTeX manual or LaTeX Companion for explanation.
Type  H <return>  for immediate help.
 ...                                              
                                                  
l.1293 ..., O_2, … O_t, q_t = S_i λ)\end{split}
                                                  
? 

! LaTeX Error: Unicode character α (U+03B1)
               not set up for use with LaTeX.

See the LaTeX manual or LaTeX Companion for explanation.
Type  H <return>  for immediate help.
 ...                                              
                                                  
l.1293 ..., O_2, … O_t, q_t = S_i λ)\end{split}
                                                  
? 

LaTeX Warning: Command \textellipsis invalid in math mode on input line 1293.


! LaTeX Error: Unicode character λ (U+03BB)
               not set up for use with LaTeX.

See the LaTeX manual or LaTeX Companion for explanation.
Type  H <return>  for immediate help.
 ...                                              
                                                  
l.1293 ..., O_2, … O_t, q_t = S_i λ)\end{split}
                                                  
? 
[18 <./Sample.jpg>] [19] [20

]
Chapter 3.

LaTeX Warning: Hyper reference `_autosummary/module.dummycode:module-module.dum
mycode' on page 21 undefined on input line 1384.


LaTeX Warning: Hyper reference `_autosummary/module.submodule:module-module.sub
module' on page 21 undefined on input line 1384.


LaTeX Warning: Hyper reference `_autosummary/module.dummycode:module-module.dum
mycode' on page 21 undefined on input line 1384.


LaTeX Warning: Hyper reference `_autosummary/module.submodule:module-module.sub
module' on page 21 undefined on input line 1384.


LaTeX Warning: Hyper reference `_autosummary/module.dummycode.some_function:mod
ule.dummycode.some_function' on page 21 undefined on input line 1425.


LaTeX Warning: Hyper reference `_autosummary/module.dummycode.square:module.dum
mycode.square' on page 21 undefined on input line 1425.


LaTeX Warning: Hyper reference `_autosummary/module.dummycode.string_reverse:mo
dule.dummycode.string_reverse' on page 21 undefined on input line 1425.


LaTeX Warning: Hyper reference `_autosummary/module.dummycode.some_function:mod
ule.dummycode.some_function' on page 21 undefined on input line 1425.


LaTeX Warning: Hyper reference `_autosummary/module.dummycode.square:module.dum
mycode.square' on page 21 undefined on input line 1425.


LaTeX Warning: Hyper reference `_autosummary/module.dummycode.string_reverse:mo
dule.dummycode.string_reverse' on page 21 undefined on input line 1425.

[21]

LaTeX Warning: Hyper reference `_autosummary/module.dummycode.GoogleVehicle:mod
ule.dummycode.GoogleVehicle' on page 22 undefined on input line 1536.


LaTeX Warning: Hyper reference `_autosummary/module.dummycode.NumpyVehicle:modu
le.dummycode.NumpyVehicle' on page 22 undefined on input line 1536.


LaTeX Warning: Hyper reference `_autosummary/module.dummycode.SphinxVehicle:mod
ule.dummycode.SphinxVehicle' on page 22 undefined on input line 1536.


LaTeX Warning: Hyper reference `_autosummary/module.dummycode.GoogleVehicle:mod
ule.dummycode.GoogleVehicle' on page 22 undefined on input line 1536.


LaTeX Warning: Hyper reference `_autosummary/module.dummycode.NumpyVehicle:modu
le.dummycode.NumpyVehicle' on page 22 undefined on input line 1536.


LaTeX Warning: Hyper reference `_autosummary/module.dummycode.SphinxVehicle:mod
ule.dummycode.SphinxVehicle' on page 22 undefined on input line 1536.

[22]

LaTeX Warning: Hyper reference `_autosummary/module.dummycode.GoogleVehicle:mod
ule.dummycode.GoogleVehicle.cars' on page 23 undefined on input line 1606.


LaTeX Warning: Hyper reference `_autosummary/module.dummycode.GoogleVehicle:mod
ule.dummycode.GoogleVehicle.cars' on page 23 undefined on input line 1606.


LaTeX Warning: Hyper reference `_autosummary/module.dummycode.NumpyVehicle:modu
le.dummycode.NumpyVehicle.cars' on page 23 undefined on input line 1716.


LaTeX Warning: Hyper reference `_autosummary/module.dummycode.NumpyVehicle:modu
le.dummycode.NumpyVehicle.cars' on page 23 undefined on input line 1716.

[23]

LaTeX Warning: Hyper reference `_autosummary/module.dummycode.SphinxVehicle:mod
ule.dummycode.SphinxVehicle.cars' on page 24 undefined on input line 1812.


LaTeX Warning: Hyper reference `_autosummary/module.dummycode.SphinxVehicle:mod
ule.dummycode.SphinxVehicle.cars' on page 24 undefined on input line 1812.

[24]

LaTeX Warning: Hyper reference `_autosummary/module.submodule.dummycode:module-
module.submodule.dummycode' on page 25 undefined on input line 1874.


LaTeX Warning: Hyper reference `_autosummary/module.submodule.dummycode:module-
module.submodule.dummycode' on page 25 undefined on input line 1874.


LaTeX Warning: Hyper reference `_autosummary/module.submodule.dummycode.multipl
y:module.submodule.dummycode.multiply' on page 25 undefined on input line 1915.



LaTeX Warning: Hyper reference `_autosummary/module.submodule.dummycode.some_fu
nction:module.submodule.dummycode.some_function' on page 25 undefined on input 
line 1915.


LaTeX Warning: Hyper reference `_autosummary/module.submodule.dummycode.string_
reverse:module.submodule.dummycode.string_reverse' on page 25 undefined on inpu
t line 1915.


LaTeX Warning: Hyper reference `_autosummary/module.submodule.dummycode.multipl
y:module.submodule.dummycode.multiply' on page 25 undefined on input line 1915.



LaTeX Warning: Hyper reference `_autosummary/module.submodule.dummycode.some_fu
nction:module.submodule.dummycode.some_function' on page 25 undefined on input 
line 1915.


LaTeX Warning: Hyper reference `_autosummary/module.submodule.dummycode.string_
reverse:module.submodule.dummycode.string_reverse' on page 25 undefined on inpu
t line 1915.

[25]

LaTeX Warning: Hyper reference `_autosummary/module.submodule.dummycode.GoogleV
ehicle:module.submodule.dummycode.GoogleVehicle' on page 26 undefined on input 
line 2047.


LaTeX Warning: Hyper reference `_autosummary/module.submodule.dummycode.NumpyVe
hicle:module.submodule.dummycode.NumpyVehicle' on page 26 undefined on input li
ne 2047.


LaTeX Warning: Hyper reference `_autosummary/module.submodule.dummycode.SphinxV
ehicle:module.submodule.dummycode.SphinxVehicle' on page 26 undefined on input 
line 2047.


LaTeX Warning: Hyper reference `_autosummary/module.submodule.dummycode.GoogleV
ehicle:module.submodule.dummycode.GoogleVehicle' on page 26 undefined on input 
line 2047.


LaTeX Warning: Hyper reference `_autosummary/module.submodule.dummycode.NumpyVe
hicle:module.submodule.dummycode.NumpyVehicle' on page 26 undefined on input li
ne 2047.


LaTeX Warning: Hyper reference `_autosummary/module.submodule.dummycode.SphinxV
ehicle:module.submodule.dummycode.SphinxVehicle' on page 26 undefined on input 
line 2047.


LaTeX Warning: Hyper reference `_autosummary/module.submodule.dummycode.GoogleV
ehicle:module.submodule.dummycode.GoogleVehicle.cars' on page 26 undefined on i
nput line 2117.


LaTeX Warning: Hyper reference `_autosummary/module.submodule.dummycode.GoogleV
ehicle:module.submodule.dummycode.GoogleVehicle.cars' on page 26 undefined on i
nput line 2117.

[26]

LaTeX Warning: Hyper reference `_autosummary/module.submodule.dummycode.NumpyVe
hicle:module.submodule.dummycode.NumpyVehicle.cars' on page 27 undefined on inp
ut line 2227.


LaTeX Warning: Hyper reference `_autosummary/module.submodule.dummycode.NumpyVe
hicle:module.submodule.dummycode.NumpyVehicle.cars' on page 27 undefined on inp
ut line 2227.

[27]

LaTeX Warning: Hyper reference `_autosummary/module.submodule.dummycode.SphinxV
ehicle:module.submodule.dummycode.SphinxVehicle.cars' on page 28 undefined on i
nput line 2323.


LaTeX Warning: Hyper reference `_autosummary/module.submodule.dummycode.SphinxV
ehicle:module.submodule.dummycode.SphinxVehicle.cars' on page 28 undefined on i
nput line 2323.

[28]
Chapter 4.
[29

] [30

]
Chapter 5.
[31] [32

]

LaTeX Warning: Reference `_autosummary/module:module-module' on page 33 undefin
ed on input line 2434.


LaTeX Warning: Reference `_autosummary/module.dummycode:module-module.dummycode
' on page 33 undefined on input line 2435.


LaTeX Warning: Reference `_autosummary/module.submodule:module-module.submodule
' on page 33 undefined on input line 2436.


LaTeX Warning: Reference `_autosummary/module.submodule.dummycode:module-module
.submodule.dummycode' on page 33 undefined on input line 2437.

[33


]
No file howtodocumentinrtd.ind.
(./howtodocumentinrtd.aux)

LaTeX Warning: There were undefined references.


LaTeX Warning: Label(s) may have changed. Rerun to get cross-references right.


Package rerunfilecheck Warning: File `howtodocumentinrtd.out' has changed.
(rerunfilecheck)                Rerun to get outlines right
(rerunfilecheck)                or use package `bookmark'.

Package rerunfilecheck Info: Checksums for `howtodocumentinrtd.out':
(rerunfilecheck)             Before: <no file>
(rerunfilecheck)             After:  E2688BF22CC3BBD649F4A1549FBD1E96;7702.
 ) 
Here is how much of TeX's memory you used:
 14887 strings out of 478268
 241514 string characters out of 5846347
 602505 words of memory out of 5000000
 32594 multiletter control sequences out of 15000+600000
 532379 words of font info for 77 fonts, out of 8000000 for 9000
 1142 hyphenation exceptions out of 8191
 70i,14n,76p,1134b,668s stack positions out of 10000i,1000n,20000p,200000b,200000s
{/usr/local/texlive/2022/texmf-dist/fonts/enc/dvips/tex-gyre/q-ec.enc}{/usr/l
ocal/texlive/2022/texmf-dist/fonts/enc/dvips/base/8r.enc}{/usr/local/texlive/20
22/texmf-dist/fonts/enc/dvips/tex-gyre/q-ts1.enc}</usr/local/texlive/2022/texmf
-dist/fonts/type1/public/amsfonts/cm/cmmi10.pfb></usr/local/texlive/2022/texmf-
dist/fonts/type1/public/amsfonts/cm/cmmi5.pfb></usr/local/texlive/2022/texmf-di
st/fonts/type1/public/amsfonts/cm/cmmi7.pfb></usr/local/texlive/2022/texmf-dist
/fonts/type1/public/amsfonts/cm/cmr10.pfb></usr/local/texlive/2022/texmf-dist/f
onts/type1/public/amsfonts/cm/cmr7.pfb></usr/local/texlive/2022/texmf-dist/font
s/type1/public/amsfonts/cm/cmsy10.pfb></usr/local/texlive/2022/texmf-dist/fonts
/type1/public/amsfonts/cm/cmsy5.pfb></usr/local/texlive/2022/texmf-dist/fonts/t
ype1/public/tex-gyre/qhvb.pfb></usr/local/texlive/2022/texmf-dist/fonts/type1/p
ublic/tex-gyre/qhvbi.pfb></usr/local/texlive/2022/texmf-dist/fonts/type1/public
/tex-gyre/qhvr.pfb></usr/local/texlive/2022/texmf-dist/fonts/type1/public/tex-g
yre/qtmb.pfb></usr/local/texlive/2022/texmf-dist/fonts/type1/public/tex-gyre/qt
mr.pfb></usr/local/texlive/2022/texmf-dist/fonts/type1/public/tex-gyre/qtmri.pf
b></usr/local/texlive/2022/texmf-dist/fonts/type1/public/txfonts/t1xbtt.pfb></u
sr/local/texlive/2022/texmf-dist/fonts/type1/public/txfonts/t1xtt.pfb></usr/loc
al/texlive/2022/texmf-dist/fonts/type1/public/txfonts/t1xtt.pfb></usr/local/tex
live/2022/texmf-dist/fonts/type1/public/txfonts/tcxtt.pfb></usr/local/texlive/2
022/texmf-dist/fonts/type1/urw/times/utmr8a.pfb>
Output written on howtodocumentinrtd.pdf (37 pages, 1165733 bytes).
PDF statistics:
 446 PDF objects out of 1000 (max. 8388607)
 363 compressed objects within 4 object streams
 131 named destinations out of 1000 (max. 500000)
 56 words of extra memory for PDF output out of 10000 (max. 10000000)

