\BOOKMARK [0][-]{chapter.1}{\376\377\000I\000n\000s\000t\000a\000l\000l\000a\000t\000i\000o\000n}{}% 1
\BOOKMARK [0][-]{chapter.2}{\376\377\000U\000s\000a\000g\000e}{}% 2
\BOOKMARK [1][-]{section.2.1}{\376\377\000I\000n\000-\000d\000e\000p\000t\000h\000\040\000i\000m\000p\000l\000e\000m\000e\000n\000t\000a\000t\000i\000o\000n}{chapter.2}% 3
\BOOKMARK [2][-]{subsection.2.1.1}{\376\377\000G\000e\000n\000e\000r\000a\000t\000e\000\040\000b\000a\000s\000i\000c\000\040\000d\000o\000c\000u\000m\000e\000n\000t\000a\000t\000i\000o\000n}{section.2.1}% 4
\BOOKMARK [2][-]{subsection.2.1.2}{\376\377\000M\000o\000d\000i\000f\000y\000i\000n\000g\000\040\000c\000o\000n\000f\000i\000g\000u\000r\000a\000t\000i\000o\000n\000\040\000f\000i\000l\000e}{section.2.1}% 5
\BOOKMARK [2][-]{subsection.2.1.3}{\376\377\000M\000o\000d\000i\000f\000y\000i\000n\000g\000\040\000M\000a\000k\000e\000f\000i\000l\000e}{section.2.1}% 6
\BOOKMARK [3][-]{subsubsection*.6}{\376\377\000L\000i\000n\000u\000x\000\040\000o\000r\000\040\000M\000a\000c\000O\000S}{subsection.2.1.3}% 7
\BOOKMARK [3][-]{subsubsection*.7}{\376\377\000W\000i\000n\000d\000o\000w\000s}{subsection.2.1.3}% 8
\BOOKMARK [2][-]{subsection.2.1.4}{\376\377\000A\000d\000d\000i\000n\000g\000\040\000r\000s\000t\000\040\000f\000i\000l\000e\000s}{section.2.1}% 9
\BOOKMARK [1][-]{section.2.2}{\376\377\000Q\000u\000i\000c\000k\000-\000a\000n\000d\000-\000D\000i\000r\000t\000y\000\040\000i\000m\000p\000l\000e\000m\000e\000n\000t\000a\000t\000i\000o\000n}{chapter.2}% 10
\BOOKMARK [2][-]{subsection.2.2.1}{\376\377\000H\000o\000w\000\040\000t\000o\000\040\000u\000s\000e\000\040\000t\000h\000e\000\040\000c\000o\000n\000t\000e\000n\000t\000\040\000o\000f\000\040\000t\000h\000i\000s\000\040\000r\000e\000p\000o\000s\000i\000t\000o\000r\000y\000\040\000d\000i\000r\000e\000c\000t\000l\000y}{section.2.2}% 11
\BOOKMARK [1][-]{section.2.3}{\376\377\000H\000o\000w\000\040\000t\000o\000\040\000h\000o\000s\000t\000\040\000o\000n\000\040\000G\000i\000t\000h\000u\000b\000\040\000P\000a\000g\000e\000s\000\040\000?}{chapter.2}% 12
\BOOKMARK [1][-]{section.2.4}{\376\377\000H\000o\000w\000\040\000t\000o\000\040\000D\000o\000c\000u\000m\000e\000n\000t\000?}{chapter.2}% 13
\BOOKMARK [2][-]{subsection.2.4.1}{\376\377\000I\000n\000l\000i\000n\000e\000\040\000f\000o\000r\000m\000a\000t\000t\000i\000n\000g\000s}{section.2.4}% 14
\BOOKMARK [2][-]{subsection.2.4.2}{\376\377\000N\000u\000m\000b\000e\000r\000e\000d\000\040\000a\000n\000d\000\040\000B\000u\000l\000l\000e\000t\000\040\000l\000i\000s\000t}{section.2.4}% 15
\BOOKMARK [2][-]{subsection.2.4.3}{\376\377\000H\000y\000p\000e\000r\000l\000i\000n\000k\000s}{section.2.4}% 16
\BOOKMARK [2][-]{subsection.2.4.4}{\376\377\000C\000o\000d\000e\000\040\000b\000l\000o\000c\000k\000s}{section.2.4}% 17
\BOOKMARK [2][-]{subsection.2.4.5}{\376\377\000T\000a\000b\000l\000e\000s}{section.2.4}% 18
\BOOKMARK [2][-]{subsection.2.4.6}{\376\377\000S\000e\000c\000t\000i\000o\000n\000s}{section.2.4}% 19
\BOOKMARK [1][-]{section.2.5}{\376\377\000T\000h\000i\000s\000\040\000i\000s\000\040\000a\000\040\000s\000u\000b\000h\000e\000a\000d\000i\000n\000g}{chapter.2}% 20
\BOOKMARK [2][-]{subsection.2.5.1}{\376\377\000T\000h\000i\000s\000\040\000i\000s\000\040\000a\000\040\000s\000u\000b\000s\000u\000b\000h\000e\000a\000d\000i\000n\000g}{section.2.5}% 21
\BOOKMARK [3][-]{subsubsection*.11}{\376\377\000T\000h\000i\000s\000\040\000i\000s\000\040\000a\000\040\000p\000a\000r\000a\000g\000r\000a\000p\000h}{subsection.2.5.1}% 22
\BOOKMARK [4][-]{paragraph*.12}{\376\377\000T\000h\000i\000s\000\040\000i\000s\000\040\000a\000\040\000p\000a\000r\000t}{subsubsection*.11}% 23
\BOOKMARK [5][-]{subparagraph*.13}{\376\377\000T\000h\000i\000s\000\040\000i\000s\000\040\000a\000\040\000c\000h\000a\000p\000t\000e\000r}{paragraph*.12}% 24
\BOOKMARK [2][-]{subsection.2.5.2}{\376\377\000R\000o\000l\000e\000s}{section.2.5}% 25
\BOOKMARK [2][-]{subsection.2.5.3}{\376\377\000D\000i\000r\000e\000c\000t\000i\000v\000e\000s}{section.2.5}% 26
\BOOKMARK [0][-]{chapter.3}{\376\377\000m\000o\000d\000u\000l\000e}{}% 27
\BOOKMARK [1][-]{section.3.1}{\376\377\000m\000o\000d\000u\000l\000e\000.\000d\000u\000m\000m\000y\000c\000o\000d\000e}{chapter.3}% 28
\BOOKMARK [2][-]{subsection.3.1.1}{\376\377\000m\000o\000d\000u\000l\000e\000.\000d\000u\000m\000m\000y\000c\000o\000d\000e\000.\000s\000o\000m\000e\000\137\000f\000u\000n\000c\000t\000i\000o\000n}{section.3.1}% 29
\BOOKMARK [2][-]{subsection.3.1.2}{\376\377\000m\000o\000d\000u\000l\000e\000.\000d\000u\000m\000m\000y\000c\000o\000d\000e\000.\000s\000q\000u\000a\000r\000e}{section.3.1}% 30
\BOOKMARK [2][-]{subsection.3.1.3}{\376\377\000m\000o\000d\000u\000l\000e\000.\000d\000u\000m\000m\000y\000c\000o\000d\000e\000.\000s\000t\000r\000i\000n\000g\000\137\000r\000e\000v\000e\000r\000s\000e}{section.3.1}% 31
\BOOKMARK [2][-]{subsection.3.1.4}{\376\377\000m\000o\000d\000u\000l\000e\000.\000d\000u\000m\000m\000y\000c\000o\000d\000e\000.\000G\000o\000o\000g\000l\000e\000V\000e\000h\000i\000c\000l\000e}{section.3.1}% 32
\BOOKMARK [2][-]{subsection.3.1.5}{\376\377\000m\000o\000d\000u\000l\000e\000.\000d\000u\000m\000m\000y\000c\000o\000d\000e\000.\000N\000u\000m\000p\000y\000V\000e\000h\000i\000c\000l\000e}{section.3.1}% 33
\BOOKMARK [2][-]{subsection.3.1.6}{\376\377\000m\000o\000d\000u\000l\000e\000.\000d\000u\000m\000m\000y\000c\000o\000d\000e\000.\000S\000p\000h\000i\000n\000x\000V\000e\000h\000i\000c\000l\000e}{section.3.1}% 34
\BOOKMARK [1][-]{section.3.2}{\376\377\000m\000o\000d\000u\000l\000e\000.\000s\000u\000b\000m\000o\000d\000u\000l\000e}{chapter.3}% 35
\BOOKMARK [2][-]{subsection.3.2.1}{\376\377\000m\000o\000d\000u\000l\000e\000.\000s\000u\000b\000m\000o\000d\000u\000l\000e\000.\000d\000u\000m\000m\000y\000c\000o\000d\000e}{section.3.2}% 36
\BOOKMARK [3][-]{subsubsection*.27}{\376\377\000m\000o\000d\000u\000l\000e\000.\000s\000u\000b\000m\000o\000d\000u\000l\000e\000.\000d\000u\000m\000m\000y\000c\000o\000d\000e\000.\000m\000u\000l\000t\000i\000p\000l\000y}{subsection.3.2.1}% 37
\BOOKMARK [3][-]{subsubsection*.29}{\376\377\000m\000o\000d\000u\000l\000e\000.\000s\000u\000b\000m\000o\000d\000u\000l\000e\000.\000d\000u\000m\000m\000y\000c\000o\000d\000e\000.\000s\000o\000m\000e\000\137\000f\000u\000n\000c\000t\000i\000o\000n}{subsection.3.2.1}% 38
\BOOKMARK [3][-]{subsubsection*.31}{\376\377\000m\000o\000d\000u\000l\000e\000.\000s\000u\000b\000m\000o\000d\000u\000l\000e\000.\000d\000u\000m\000m\000y\000c\000o\000d\000e\000.\000s\000t\000r\000i\000n\000g\000\137\000r\000e\000v\000e\000r\000s\000e}{subsection.3.2.1}% 39
\BOOKMARK [3][-]{subsubsection*.33}{\376\377\000m\000o\000d\000u\000l\000e\000.\000s\000u\000b\000m\000o\000d\000u\000l\000e\000.\000d\000u\000m\000m\000y\000c\000o\000d\000e\000.\000G\000o\000o\000g\000l\000e\000V\000e\000h\000i\000c\000l\000e}{subsection.3.2.1}% 40
\BOOKMARK [3][-]{subsubsection*.37}{\376\377\000m\000o\000d\000u\000l\000e\000.\000s\000u\000b\000m\000o\000d\000u\000l\000e\000.\000d\000u\000m\000m\000y\000c\000o\000d\000e\000.\000N\000u\000m\000p\000y\000V\000e\000h\000i\000c\000l\000e}{subsection.3.2.1}% 41
\BOOKMARK [3][-]{subsubsection*.41}{\376\377\000m\000o\000d\000u\000l\000e\000.\000s\000u\000b\000m\000o\000d\000u\000l\000e\000.\000d\000u\000m\000m\000y\000c\000o\000d\000e\000.\000S\000p\000h\000i\000n\000x\000V\000e\000h\000i\000c\000l\000e}{subsection.3.2.1}% 42
\BOOKMARK [0][-]{chapter.4}{\376\377\000C\000h\000a\000n\000g\000e\000l\000o\000g\000s}{}% 43
\BOOKMARK [0][-]{chapter.5}{\376\377\000R\000e\000f\000e\000r\000e\000n\000c\000e\000s}{}% 44
\BOOKMARK [0][-]{section*.44}{\376\377\000P\000y\000t\000h\000o\000n\000\040\000M\000o\000d\000u\000l\000e\000\040\000I\000n\000d\000e\000x}{}% 45
